<?xml version="1.0" encoding="UTF-8"?>
<testsuite xmlns:xsi="http://www.w3.org/2001/XMLSchema-instance" xsi:noNamespaceSchemaLocation="https://maven.apache.org/surefire/maven-surefire-plugin/xsd/surefire-test-report-3.0.xsd" version="3.0" name="ru.lesson.lessons.CalculatorTest" time="0" tests="6" errors="0" skipped="0" failures="0">
  <properties>
[...]
</properties>
  <testcase name="subtract" classname="ru.lesson.lessons.CalculatorTest" time="0"/>
  <testcase name="cleanResult" classname="ru.lesson.lessons.CalculatorTest" time="0"/>
  <testcase name="summ" classname="ru.lesson.lessons.CalculatorTest" time="0"/>
  <testcase name="division" classname="ru.lesson.lessons.CalculatorTest" time="0"/>
  <testcase name="multiplication" classname="ru.lesson.lessons.CalculatorTest" time="0"/>
  <testcase name="getResult" classname="ru.lesson.lessons.CalculatorTest" time="0"/>
</testsuite>